[22/04/2016 18:14] Blazyy(101702710314672128) deleted 100 messages in channel hub
[22/04/2016 18:51] Blazyy(101702710314672128) deleted 100000 messages in channel cmds
[22/04/2016 18:51] Blazyy(101702710314672128) deleted 100 messages in channel cmds
[22/04/2016 21:16] Blazyy(101702710314672128) deleted 11 messages in channel name-info
[22/04/2016 21:17] Blazyy(101702710314672128) deleted 10 messages in channel name-info
[22/04/2016 21:17] Blazyy(101702710314672128) deleted 7 messages in channel name-info
[22/04/2016 21:28] The Arcane Brony(84022289024159744) deleted 100 messages in channel cmds
[22/04/2016 21:30] The Arcane Brony(84022289024159744) deleted 10 messages in channel cmds
[22/04/2016 21:47] The Arcane Brony(84022289024159744) deleted 500 messages in channel cmds
[22/04/2016 21:49] DJ.Cheese(109738696768516096) deleted 1000 messages in channel cmds
[22/04/2016 21:51] Dj.Blazyy(101702710314672128) deleted 100 messages in channel name-info
[22/04/2016 21:52] The Arcane Brony(84022289024159744) deleted 4993838 messages in channel cmds
[22/04/2016 21:52] Dj.Blazyy(101702710314672128) deleted 100 messages in channel rules
[22/04/2016 21:53] The Arcane Brony(84022289024159744) deleted 5000 messages in channel cmds
[22/04/2016 21:54] DJ.Cheese(109738696768516096) deleted 3 messages in channel cmds
[25/04/2016 18:39] Blazyy(101702710314672128) deleted 100 messages in channel stream-info
[27/04/2016 18:12] Blazyy(101702710314672128) deleted 100 messages in channel hub
[27/04/2016 18:37] Blazyy(101702710314672128) deleted 100 messages made by Blazyy(101702710314672128) in channel shitposting
[30/04/2016 17:10] Blazy(101702710314672128) deleted 100 messages in channel cmds
[30/04/2016 17:13] Cheesecake(109738696768516096) deleted 10 messages in channel cmds
[01/05/2016 10:14] Blazy(101702710314672128) deleted 10 messages in channel shitposting
[01/05/2016 10:38] Blazy(101702710314672128) deleted 10 messages in channel hub
[01/05/2016 11:01] Blazy(101702710314672128) deleted 10 messages in channel hub
[01/05/2016 11:20] Blazy(101702710314672128) deleted 100 messages in channel shitposting
[01/05/2016 11:32] Blazy(101702710314672128) deleted 100 messages in channel shitposting
[01/05/2016 18:21] Blazy(101702710314672128) deleted 100 messages in channel stream-info
[03/05/2016 18:15] Blazy(101702710314672128) deleted 6 messages in channel rules
[03/05/2016 19:58] Blazy(101702710314672128) deleted 5 messages in channel promotion
[03/05/2016 20:22] Blazy(101702710314672128) deleted 100 messages in channel shitposting
[03/05/2016 20:43] Blazy(101702710314672128) deleted 100 messages in channel cmds
[03/05/2016 20:53] Blazy(101702710314672128) deleted 10 messages in channel ticket
[03/05/2016 20:53] Blazy(101702710314672128) deleted 20 messages in channel ticket
[03/05/2016 20:53] Blazy(101702710314672128) deleted 20 messages in channel ticket
[05/05/2016 18:25] Blazy(101702710314672128) deleted 100 messages in channel hub
[15/05/2016 10:43] Blazy(101702710314672128) deleted 100 messages in channel stream-info
